This file contains any messages produced by compilers while
running configure, to aid debugging if configure makes a mistake.

It was created by campaign configure 1.0, which was
generated by GNU Autoconf 2.61.  Invocation command line was

  $ ./configure --with-cuda-lib=/usr/local/cuda/lib64 --prefix=/home/users/jorrit/campaign-1.0//install --exec-prefix=/home/users/jorrit/campaign-1.0//install

## --------- ##
## Platform. ##
## --------- ##

hostname = hulk
uname -m = x86_64
uname -r = 4.9.0-1-amd64
uname -s = Linux
uname -v = #1 SMP Debian 4.9.2-2 (2017-01-12)

/usr/bin/uname -p = unknown
/bin/uname -X     = unknown

/bin/arch              = unknown
/usr/bin/arch -k       = unknown
/usr/convex/getsysinfo = unknown
/usr/bin/hostinfo      = unknown
/bin/machine           = unknown
/usr/bin/oslevel       = unknown
/bin/universe          = unknown

PATH: /usr/local/bin
PATH: /usr/bin
PATH: /bin
PATH: /usr/local/games
PATH: /usr/games
PATH: /usr/local/cuda/bin


## ----------- ##
## Core tests. ##
## ----------- ##

configure:1994: checking build system type
configure:2012: result: x86_64-unknown-linux-gnu
configure:2034: checking host system type
configure:2049: result: x86_64-unknown-linux-gnu
configure:2071: checking target system type
configure:2086: result: x86_64-unknown-linux-gnu
configure:2159: checking that DYLD_LIBRARY_PATH is set
configure:2162: result: yes
configure:2172: checking that LD_LIBRARY_PATH is set
configure:2175: result: yes
configure:2189: checking configure command line options
configure:2252: result: ok
configure:2258: checking DYLD_LIBRARY_PATH
configure:2276: result: yes (DYLD_LIBRARY_PATH)
configure:2289: checking LD_LIBRARY_PATH
configure:2294: result: yes (--with-cuda-lib)
configure:2323: cuda LD path: /usr/local/cuda/lib64
configure:2325: cuda DYLD path: /usr/local/cuda/lib64
configure:2397: checking for a BSD-compatible install
configure:2453: result: /usr/bin/install -c
configure:2464: checking whether build environment is sane
configure:2507: result: yes
configure:2535: checking for a thread-safe mkdir -p
configure:2574: result: /bin/mkdir -p
configure:2587: checking for gawk
configure:2603: found /usr/bin/gawk
configure:2614: result: gawk
configure:2625: checking whether make sets $(MAKE)
configure:2646: result: yes
configure:2886: checking for g++
configure:2902: found /usr/bin/g++
configure:2913: result: g++
configure:2944: checking for C++ compiler version
configure:2951: g++ --version >&5
g++ (Debian 6.3.0-6) 6.3.0 20170205
Copyright (C) 2016 Free Software Foundation, Inc.
This is free software; see the source for copying conditions.  There is NO
warranty; not even for MERCHANTABILITY or FITNESS FOR A PARTICULAR PURPOSE.

configure:2954: $? = 0
configure:2961: g++ -v >&5
Using built-in specs.
COLLECT_GCC=g++
COLLECT_LTO_WRAPPER=/usr/lib/gcc/x86_64-linux-gnu/6/lto-wrapper
Target: x86_64-linux-gnu
Configured with: ../src/configure -v --with-pkgversion='Debian 6.3.0-6' --with-bugurl=file:///usr/share/doc/gcc-6/README.Bugs --enable-languages=c,ada,c++,java,go,d,fortran,objc,obj-c++ --prefix=/usr --program-suffix=-6 --program-prefix=x86_64-linux-gnu- --enable-shared --enable-linker-build-id --libexecdir=/usr/lib --without-included-gettext --enable-threads=posix --libdir=/usr/lib --enable-nls --with-sysroot=/ --enable-clocale=gnu --enable-libstdcxx-debug --enable-libstdcxx-time=yes --with-default-libstdcxx-abi=new --enable-gnu-unique-object --disable-vtable-verify --enable-libmpx --enable-plugin --enable-default-pie --with-system-zlib --disable-browser-plugin --enable-java-awt=gtk --enable-gtk-cairo --with-java-home=/usr/lib/jvm/java-1.5.0-gcj-6-amd64/jre --enable-java-home --with-jvm-root-dir=/usr/lib/jvm/java-1.5.0-gcj-6-amd64 --with-jvm-jar-dir=/usr/lib/jvm-exports/java-1.5.0-gcj-6-amd64 --with-arch-directory=amd64 --with-ecj-jar=/usr/share/java/eclipse-ecj.jar --with-target-system-zlib --enable-objc-gc=auto --enable-multiarch --with-arch-32=i686 --with-abi=m64 --with-multilib-list=m32,m64,mx32 --enable-multilib --with-tune=generic --enable-checking=release --build=x86_64-linux-gnu --host=x86_64-linux-gnu --target=x86_64-linux-gnu
Thread model: posix
gcc version 6.3.0 20170205 (Debian 6.3.0-6) 
configure:2964: $? = 0
configure:2971: g++ -V >&5
g++: error: unrecognized command line option '-V'
g++: fatal error: no input files
compilation terminated.
configure:2974: $? = 1
configure:2997: checking for C++ compiler default output file name
configure:3024: g++    conftest.cpp  >&5
configure:3027: $? = 0
configure:3065: result: a.out
configure:3082: checking whether the C++ compiler works
configure:3092: ./a.out
configure:3095: $? = 0
configure:3112: result: yes
configure:3119: checking whether we are cross compiling
configure:3121: result: no
configure:3124: checking for suffix of executables
configure:3131: g++ -o conftest    conftest.cpp  >&5
configure:3134: $? = 0
configure:3158: result: 
configure:3164: checking for suffix of object files
configure:3190: g++ -c   conftest.cpp >&5
configure:3193: $? = 0
configure:3216: result: o
configure:3220: checking whether we are using the GNU C++ compiler
configure:3249: g++ -c   conftest.cpp >&5
configure:3255: $? = 0
configure:3272: result: yes
configure:3277: checking whether g++ accepts -g
configure:3307: g++ -c -g  conftest.cpp >&5
configure:3313: $? = 0
configure:3412: result: yes
configure:3446: checking for style of include used by make
configure:3474: result: GNU
configure:3499: checking dependency style of g++
configure:3590: result: gcc3
configure:3653: checking for gcc
configure:3669: found /usr/bin/gcc
configure:3680: result: gcc
configure:3918: checking for C compiler version
configure:3925: gcc --version >&5
gcc (Debian 6.3.0-6) 6.3.0 20170205
Copyright (C) 2016 Free Software Foundation, Inc.
This is free software; see the source for copying conditions.  There is NO
warranty; not even for MERCHANTABILITY or FITNESS FOR A PARTICULAR PURPOSE.

configure:3928: $? = 0
configure:3935: gcc -v >&5
Using built-in specs.
COLLECT_GCC=gcc
COLLECT_LTO_WRAPPER=/usr/lib/gcc/x86_64-linux-gnu/6/lto-wrapper
Target: x86_64-linux-gnu
Configured with: ../src/configure -v --with-pkgversion='Debian 6.3.0-6' --with-bugurl=file:///usr/share/doc/gcc-6/README.Bugs --enable-languages=c,ada,c++,java,go,d,fortran,objc,obj-c++ --prefix=/usr --program-suffix=-6 --program-prefix=x86_64-linux-gnu- --enable-shared --enable-linker-build-id --libexecdir=/usr/lib --without-included-gettext --enable-threads=posix --libdir=/usr/lib --enable-nls --with-sysroot=/ --enable-clocale=gnu --enable-libstdcxx-debug --enable-libstdcxx-time=yes --with-default-libstdcxx-abi=new --enable-gnu-unique-object --disable-vtable-verify --enable-libmpx --enable-plugin --enable-default-pie --with-system-zlib --disable-browser-plugin --enable-java-awt=gtk --enable-gtk-cairo --with-java-home=/usr/lib/jvm/java-1.5.0-gcj-6-amd64/jre --enable-java-home --with-jvm-root-dir=/usr/lib/jvm/java-1.5.0-gcj-6-amd64 --with-jvm-jar-dir=/usr/lib/jvm-exports/java-1.5.0-gcj-6-amd64 --with-arch-directory=amd64 --with-ecj-jar=/usr/share/java/eclipse-ecj.jar --with-target-system-zlib --enable-objc-gc=auto --enable-multiarch --with-arch-32=i686 --with-abi=m64 --with-multilib-list=m32,m64,mx32 --enable-multilib --with-tune=generic --enable-checking=release --build=x86_64-linux-gnu --host=x86_64-linux-gnu --target=x86_64-linux-gnu
Thread model: posix
gcc version 6.3.0 20170205 (Debian 6.3.0-6) 
configure:3938: $? = 0
configure:3945: gcc -V >&5
gcc: error: unrecognized command line option '-V'
gcc: fatal error: no input files
compilation terminated.
configure:3948: $? = 1
configure:3951: checking whether we are using the GNU C compiler
configure:3980: gcc -c   conftest.c >&5
configure:3986: $? = 0
configure:4003: result: yes
configure:4008: checking whether gcc accepts -g
configure:4038: gcc -c -g  conftest.c >&5
configure:4044: $? = 0
configure:4143: result: yes
configure:4160: checking for gcc option to accept ISO C89
configure:4234: gcc  -c -g -O2  conftest.c >&5
configure:4240: $? = 0
configure:4263: result: none needed
configure:4283: checking dependency style of gcc
configure:4374: result: gcc3
configure:4390: checking whether gcc and cc understand -c and -o together
configure:4425: gcc -c conftest.c -o conftest2.o >&5
configure:4428: $? = 0
configure:4434: gcc -c conftest.c -o conftest2.o >&5
configure:4437: $? = 0
configure:4448: cc -c conftest.c >&5
configure:4451: $? = 0
configure:4459: cc -c conftest.c -o conftest2.o >&5
configure:4462: $? = 0
configure:4468: cc -c conftest.c -o conftest2.o >&5
configure:4471: $? = 0
configure:4489: result: yes
configure:4540: checking for a sed that does not truncate output
configure:4619: result: /bin/sed
configure:4637: checking for grep that handles long lines and -e
configure:4711: result: /bin/grep
configure:4716: checking for egrep
configure:4794: result: /bin/grep -E
configure:4799: checking for fgrep
configure:4877: result: /bin/grep -F
configure:4912: checking for ld used by gcc
configure:4979: result: /usr/bin/ld
configure:4988: checking if the linker (/usr/bin/ld) is GNU ld
configure:5003: result: yes
configure:5015: checking for BSD- or MS-compatible name lister (nm)
configure:5064: result: /usr/bin/nm -B
configure:5186: checking the name lister (/usr/bin/nm -B) interface
configure:5193: gcc -c -g -O2  conftest.c >&5
configure:5196: /usr/bin/nm -B "conftest.o"
configure:5199: output
0000000000000000 B some_variable
configure:5206: result: BSD nm
configure:5209: checking whether ln -s works
configure:5213: result: yes
configure:5221: checking the maximum length of command line arguments
configure:5341: result: 1572864
configure:5358: checking whether the shell understands some XSI constructs
configure:5368: result: yes
configure:5372: checking whether the shell understands "+="
configure:5378: result: yes
configure:5413: checking for /usr/bin/ld option to reload object files
configure:5420: result: -r
configure:5447: checking how to recognize dependent libraries
configure:5637: result: pass_all
configure:5697: checking for ar
configure:5713: found /usr/bin/ar
configure:5724: result: ar
configure:5806: checking for strip
configure:5822: found /usr/bin/strip
configure:5833: result: strip
configure:5909: checking for ranlib
configure:5925: found /usr/bin/ranlib
configure:5936: result: ranlib
configure:6030: checking command to parse /usr/bin/nm -B output from gcc object
configure:6148: gcc -c -g -O2  conftest.c >&5
configure:6151: $? = 0
configure:6155: /usr/bin/nm -B conftest.o \| sed -n -e 's/^.*[	 ]\([ABCDGIRSTW][ABCDGIRSTW]*\)[	 ][	 ]*\([_A-Za-z][_A-Za-z0-9]*\)$/\1 \2 \2/p' \> conftest.nm
configure:6158: $? = 0
configure:6212: gcc -o conftest -g -O2   conftest.c conftstm.o >&5
configure:6215: $? = 0
configure:6253: result: ok
configure:6349: gcc -c -g -O2  conftest.c >&5
configure:6352: $? = 0
configure:7132: checking how to run the C preprocessor
configure:7172: gcc -E  conftest.c
configure:7178: $? = 0
configure:7209: gcc -E  conftest.c
conftest.c:8:28: fatal error: ac_nonexistent.h: No such file or directory
 #include <ac_nonexistent.h>
                            ^
compilation terminated.
configure:7215: $? = 1
configure: failed program was:
| /* confdefs.h.  */
| #define PACKAGE_NAME "campaign"
| #define PACKAGE_TARNAME "campaign"
| #define PACKAGE_VERSION "1.0"
| #define PACKAGE_STRING "campaign 1.0"
| #define PACKAGE_BUGREPORT "marcsosnick@mac.com"
| /* end confdefs.h.  */
| #include <ac_nonexistent.h>
configure:7248: result: gcc -E
configure:7277: gcc -E  conftest.c
configure:7283: $? = 0
configure:7314: gcc -E  conftest.c
conftest.c:8:28: fatal error: ac_nonexistent.h: No such file or directory
 #include <ac_nonexistent.h>
                            ^
compilation terminated.
configure:7320: $? = 1
configure: failed program was:
| /* confdefs.h.  */
| #define PACKAGE_NAME "campaign"
| #define PACKAGE_TARNAME "campaign"
| #define PACKAGE_VERSION "1.0"
| #define PACKAGE_STRING "campaign 1.0"
| #define PACKAGE_BUGREPORT "marcsosnick@mac.com"
| /* end confdefs.h.  */
| #include <ac_nonexistent.h>
configure:7358: checking for ANSI C header files
configure:7388: gcc -c -g -O2  conftest.c >&5
configure:7394: $? = 0
configure:7493: gcc -o conftest -g -O2   conftest.c  >&5
configure:7496: $? = 0
configure:7502: ./conftest
configure:7505: $? = 0
configure:7522: result: yes
configure:7546: checking for sys/types.h
configure:7567: gcc -c -g -O2  conftest.c >&5
configure:7573: $? = 0
configure:7589: result: yes
configure:7546: checking for sys/stat.h
configure:7567: gcc -c -g -O2  conftest.c >&5
configure:7573: $? = 0
configure:7589: result: yes
configure:7546: checking for stdlib.h
configure:7567: gcc -c -g -O2  conftest.c >&5
configure:7573: $? = 0
configure:7589: result: yes
configure:7546: checking for string.h
configure:7567: gcc -c -g -O2  conftest.c >&5
configure:7573: $? = 0
configure:7589: result: yes
configure:7546: checking for memory.h
configure:7567: gcc -c -g -O2  conftest.c >&5
configure:7573: $? = 0
configure:7589: result: yes
configure:7546: checking for strings.h
configure:7567: gcc -c -g -O2  conftest.c >&5
configure:7573: $? = 0
configure:7589: result: yes
configure:7546: checking for inttypes.h
configure:7567: gcc -c -g -O2  conftest.c >&5
configure:7573: $? = 0
configure:7589: result: yes
configure:7546: checking for stdint.h
configure:7567: gcc -c -g -O2  conftest.c >&5
configure:7573: $? = 0
configure:7589: result: yes
configure:7546: checking for unistd.h
configure:7567: gcc -c -g -O2  conftest.c >&5
configure:7573: $? = 0
configure:7589: result: yes
configure:7605: checking for dlfcn.h
configure:7626: gcc -c -g -O2  conftest.c >&5
configure:7632: $? = 0
configure:7648: result: yes
configure:7777: checking for C++ compiler version
configure:7784: g++ --version >&5
g++ (Debian 6.3.0-6) 6.3.0 20170205
Copyright (C) 2016 Free Software Foundation, Inc.
This is free software; see the source for copying conditions.  There is NO
warranty; not even for MERCHANTABILITY or FITNESS FOR A PARTICULAR PURPOSE.

configure:7787: $? = 0
configure:7794: g++ -v >&5
Using built-in specs.
COLLECT_GCC=g++
COLLECT_LTO_WRAPPER=/usr/lib/gcc/x86_64-linux-gnu/6/lto-wrapper
Target: x86_64-linux-gnu
Configured with: ../src/configure -v --with-pkgversion='Debian 6.3.0-6' --with-bugurl=file:///usr/share/doc/gcc-6/README.Bugs --enable-languages=c,ada,c++,java,go,d,fortran,objc,obj-c++ --prefix=/usr --program-suffix=-6 --program-prefix=x86_64-linux-gnu- --enable-shared --enable-linker-build-id --libexecdir=/usr/lib --without-included-gettext --enable-threads=posix --libdir=/usr/lib --enable-nls --with-sysroot=/ --enable-clocale=gnu --enable-libstdcxx-debug --enable-libstdcxx-time=yes --with-default-libstdcxx-abi=new --enable-gnu-unique-object --disable-vtable-verify --enable-libmpx --enable-plugin --enable-default-pie --with-system-zlib --disable-browser-plugin --enable-java-awt=gtk --enable-gtk-cairo --with-java-home=/usr/lib/jvm/java-1.5.0-gcj-6-amd64/jre --enable-java-home --with-jvm-root-dir=/usr/lib/jvm/java-1.5.0-gcj-6-amd64 --with-jvm-jar-dir=/usr/lib/jvm-exports/java-1.5.0-gcj-6-amd64 --with-arch-directory=amd64 --with-ecj-jar=/usr/share/java/eclipse-ecj.jar --with-target-system-zlib --enable-objc-gc=auto --enable-multiarch --with-arch-32=i686 --with-abi=m64 --with-multilib-list=m32,m64,mx32 --enable-multilib --with-tune=generic --enable-checking=release --build=x86_64-linux-gnu --host=x86_64-linux-gnu --target=x86_64-linux-gnu
Thread model: posix
gcc version 6.3.0 20170205 (Debian 6.3.0-6) 
configure:7797: $? = 0
configure:7804: g++ -V >&5
g++: error: unrecognized command line option '-V'
g++: fatal error: no input files
compilation terminated.
configure:7807: $? = 1
configure:7810: checking whether we are using the GNU C++ compiler
configure:7862: result: yes
configure:7867: checking whether g++ accepts -g
configure:8002: result: yes
configure:8027: checking dependency style of g++
configure:8118: result: gcc3
configure:8141: checking how to run the C++ preprocessor
configure:8177: g++ -E  conftest.cpp
configure:8183: $? = 0
configure:8214: g++ -E  conftest.cpp
conftest.cpp:19:28: fatal error: ac_nonexistent.h: No such file or directory
 #include <ac_nonexistent.h>
                            ^
compilation terminated.
configure:8220: $? = 1
configure: failed program was:
| /* confdefs.h.  */
| #define PACKAGE_NAME "campaign"
| #define PACKAGE_TARNAME "campaign"
| #define PACKAGE_VERSION "1.0"
| #define PACKAGE_STRING "campaign 1.0"
| #define PACKAGE_BUGREPORT "marcsosnick@mac.com"
| #define STDC_HEADERS 1
| #define HAVE_SYS_TYPES_H 1
| #define HAVE_SYS_STAT_H 1
| #define HAVE_STDLIB_H 1
| #define HAVE_STRING_H 1
| #define HAVE_MEMORY_H 1
| #define HAVE_STRINGS_H 1
| #define HAVE_INTTYPES_H 1
| #define HAVE_STDINT_H 1
| #define HAVE_UNISTD_H 1
| #define HAVE_DLFCN_H 1
| /* end confdefs.h.  */
| #include <ac_nonexistent.h>
configure:8253: result: g++ -E
configure:8282: g++ -E  conftest.cpp
configure:8288: $? = 0
configure:8319: g++ -E  conftest.cpp
conftest.cpp:19:28: fatal error: ac_nonexistent.h: No such file or directory
 #include <ac_nonexistent.h>
                            ^
compilation terminated.
configure:8325: $? = 1
configure: failed program was:
| /* confdefs.h.  */
| #define PACKAGE_NAME "campaign"
| #define PACKAGE_TARNAME "campaign"
| #define PACKAGE_VERSION "1.0"
| #define PACKAGE_STRING "campaign 1.0"
| #define PACKAGE_BUGREPORT "marcsosnick@mac.com"
| #define STDC_HEADERS 1
| #define HAVE_SYS_TYPES_H 1
| #define HAVE_SYS_STAT_H 1
| #define HAVE_STDLIB_H 1
| #define HAVE_STRING_H 1
| #define HAVE_MEMORY_H 1
| #define HAVE_STRINGS_H 1
| #define HAVE_INTTYPES_H 1
| #define HAVE_STDINT_H 1
| #define HAVE_UNISTD_H 1
| #define HAVE_DLFCN_H 1
| /* end confdefs.h.  */
| #include <ac_nonexistent.h>
configure:8537: checking for objdir
configure:8552: result: .libs
configure:8844: checking if gcc supports -fno-rtti -fno-exceptions
configure:8862: gcc -c -g -O2  -fno-rtti -fno-exceptions conftest.c >&5
cc1: warning: command line option '-fno-rtti' is valid for C++/ObjC++ but not for C
configure:8866: $? = 0
configure:8879: result: no
configure:8899: checking for gcc option to produce PIC
configure:9156: result: -fPIC -DPIC
configure:9168: checking if gcc PIC flag -fPIC -DPIC works
configure:9186: gcc -c -g -O2  -fPIC -DPIC -DPIC conftest.c >&5
configure:9190: $? = 0
configure:9203: result: yes
configure:9227: checking if gcc static flag -static works
configure:9255: result: yes
configure:9270: checking if gcc supports -c -o file.o
configure:9291: gcc -c -g -O2  -o out/conftest2.o conftest.c >&5
configure:9295: $? = 0
configure:9317: result: yes
configure:9325: checking if gcc supports -c -o file.o
configure:9372: result: yes
configure:9405: checking whether the gcc linker (/usr/bin/ld -m elf_x86_64) supports shared libraries
configure:10459: result: yes
configure:10496: checking whether -lc should be explicitly linked in
configure:10501: gcc -c -g -O2  conftest.c >&5
configure:10504: $? = 0
configure:10519: gcc -shared conftest.o  -v -Wl,-soname -Wl,conftest -o conftest 2\>\&1 \| /bin/grep  -lc  \>/dev/null 2\>\&1
configure:10522: $? = 0
configure:10534: result: no
configure:10698: checking dynamic linker characteristics
configure:11141: gcc -o conftest -g -O2   -Wl,-rpath -Wl,/foo conftest.c  >&5
configure:11147: $? = 0
configure:11377: result: GNU/Linux ld.so
configure:11479: checking how to hardcode library paths into programs
configure:11504: result: immediate
configure:12317: checking whether stripping libraries is possible
configure:12322: result: yes
configure:12357: checking if libtool supports shared libraries
configure:12359: result: yes
configure:12362: checking whether to build shared libraries
configure:12383: result: yes
configure:12386: checking whether to build static libraries
configure:12390: result: yes
configure:12540: checking for ld used by g++
configure:12607: result: /usr/bin/ld -m elf_x86_64
configure:12616: checking if the linker (/usr/bin/ld -m elf_x86_64) is GNU ld
configure:12631: result: yes
configure:12686: checking whether the g++ linker (/usr/bin/ld -m elf_x86_64) supports shared libraries
configure:13648: result: yes
configure:13676: g++ -c -g -O2  conftest.cpp >&5
configure:13679: $? = 0
configure:13861: checking for g++ option to produce PIC
configure:14170: result: -fPIC -DPIC
configure:14179: checking if g++ PIC flag -fPIC -DPIC works
configure:14197: g++ -c -g -O2  -fPIC -DPIC -DPIC conftest.cpp >&5
configure:14201: $? = 0
configure:14214: result: yes
configure:14235: checking if g++ static flag -static works
configure:14263: result: yes
configure:14275: checking if g++ supports -c -o file.o
configure:14296: g++ -c -g -O2  -o out/conftest2.o conftest.cpp >&5
configure:14300: $? = 0
configure:14322: result: yes
configure:14327: checking if g++ supports -c -o file.o
configure:14374: result: yes
configure:14404: checking whether the g++ linker (/usr/bin/ld -m elf_x86_64) supports shared libraries
configure:14430: result: yes
configure:14567: checking dynamic linker characteristics
configure:14958: g++ -o conftest -g -O2   -Wl,-rpath -Wl,/foo conftest.cpp  >&5
configure:14964: $? = 0
configure:15194: result: GNU/Linux ld.so
configure:15245: checking how to hardcode library paths into programs
configure:15270: result: immediate
configure:15466: creating ./config.status

## ---------------------- ##
## Running config.status. ##
## ---------------------- ##

This file was extended by campaign config.status 1.0, which was
generated by GNU Autoconf 2.61.  Invocation command line was

  CONFIG_FILES    = 
  CONFIG_HEADERS  = 
  CONFIG_LINKS    = 
  CONFIG_COMMANDS = 
  $ ./config.status 

on hulk

config.status:919: creating Makefile
config.status:919: creating examples/Makefile
config.status:919: creating campaign-1.0.pc
config.status:919: creating config.h
config.status:1145: config.h is unchanged
config.status:1191: executing depfiles commands
config.status:1191: executing libtool commands

## ---------------- ##
## Cache variables. ##
## ---------------- ##

ac_cv_build=x86_64-unknown-linux-gnu
ac_cv_c_compiler_gnu=yes
ac_cv_cxx_compiler_gnu=yes
ac_cv_env_CCC_set=
ac_cv_env_CCC_value=
ac_cv_env_CC_set=
ac_cv_env_CC_value=
ac_cv_env_CFLAGS_set=
ac_cv_env_CFLAGS_value=
ac_cv_env_CPPFLAGS_set=
ac_cv_env_CPPFLAGS_value=
ac_cv_env_CPP_set=
ac_cv_env_CPP_value=
ac_cv_env_CXXCPP_set=
ac_cv_env_CXXCPP_value=
ac_cv_env_CXXFLAGS_set=
ac_cv_env_CXXFLAGS_value=
ac_cv_env_CXX_set=
ac_cv_env_CXX_value=
ac_cv_env_LDFLAGS_set=
ac_cv_env_LDFLAGS_value=
ac_cv_env_LIBS_set=
ac_cv_env_LIBS_value=
ac_cv_env_build_alias_set=
ac_cv_env_build_alias_value=
ac_cv_env_host_alias_set=
ac_cv_env_host_alias_value=
ac_cv_env_target_alias_set=
ac_cv_env_target_alias_value=
ac_cv_header_dlfcn_h=yes
ac_cv_header_inttypes_h=yes
ac_cv_header_memory_h=yes
ac_cv_header_stdc=yes
ac_cv_header_stdint_h=yes
ac_cv_header_stdlib_h=yes
ac_cv_header_string_h=yes
ac_cv_header_strings_h=yes
ac_cv_header_sys_stat_h=yes
ac_cv_header_sys_types_h=yes
ac_cv_header_unistd_h=yes
ac_cv_host=x86_64-unknown-linux-gnu
ac_cv_objext=o
ac_cv_path_EGREP='/bin/grep -E'
ac_cv_path_FGREP='/bin/grep -F'
ac_cv_path_GREP=/bin/grep
ac_cv_path_SED=/bin/sed
ac_cv_path_install='/usr/bin/install -c'
ac_cv_path_mkdir=/bin/mkdir
ac_cv_prog_AWK=gawk
ac_cv_prog_CPP='gcc -E'
ac_cv_prog_CXXCPP='g++ -E'
ac_cv_prog_ac_ct_AR=ar
ac_cv_prog_ac_ct_CC=gcc
ac_cv_prog_ac_ct_CXX=g++
ac_cv_prog_ac_ct_RANLIB=ranlib
ac_cv_prog_ac_ct_STRIP=strip
ac_cv_prog_cc_c89=
ac_cv_prog_cc_g=yes
ac_cv_prog_cc_gcc_c_o=yes
ac_cv_prog_cxx_g=yes
ac_cv_prog_make_make_set=yes
ac_cv_target=x86_64-unknown-linux-gnu
am_cv_CC_dependencies_compiler_type=gcc3
am_cv_CXX_dependencies_compiler_type=gcc3
lt_cv_deplibs_check_method=pass_all
lt_cv_file_magic_cmd='$MAGIC_CMD'
lt_cv_file_magic_test_file=
lt_cv_ld_reload_flag=-r
lt_cv_nm_interface='BSD nm'
lt_cv_objdir=.libs
lt_cv_path_LD=/usr/bin/ld
lt_cv_path_LDCXX='/usr/bin/ld -m elf_x86_64'
lt_cv_path_NM='/usr/bin/nm -B'
lt_cv_prog_compiler_c_o=yes
lt_cv_prog_compiler_c_o_CXX=yes
lt_cv_prog_compiler_pic_works=yes
lt_cv_prog_compiler_pic_works_CXX=yes
lt_cv_prog_compiler_rtti_exceptions=no
lt_cv_prog_compiler_static_works=yes
lt_cv_prog_compiler_static_works_CXX=yes
lt_cv_prog_gnu_ld=yes
lt_cv_prog_gnu_ldcxx=yes
lt_cv_sys_global_symbol_pipe='sed -n -e '\''s/^.*[	 ]\([ABCDGIRSTW][ABCDGIRSTW]*\)[	 ][	 ]*\([_A-Za-z][_A-Za-z0-9]*\)$/\1 \2 \2/p'\'''
lt_cv_sys_global_symbol_to_c_name_address='sed -n -e '\''s/^: \([^ ]*\) $/  {\"\1\", (void *) 0},/p'\'' -e '\''s/^[ABCDGIRSTW]* \([^ ]*\) \([^ ]*\)$/  {"\2", (void *) \&\2},/p'\'''
lt_cv_sys_global_symbol_to_c_name_address_lib_prefix='sed -n -e '\''s/^: \([^ ]*\) $/  {\"\1\", (void *) 0},/p'\'' -e '\''s/^[ABCDGIRSTW]* \([^ ]*\) \(lib[^ ]*\)$/  {"\2", (void *) \&\2},/p'\'' -e '\''s/^[ABCDGIRSTW]* \([^ ]*\) \([^ ]*\)$/  {"lib\2", (void *) \&\2},/p'\'''
lt_cv_sys_global_symbol_to_cdecl='sed -n -e '\''s/^T .* \(.*\)$/extern int \1();/p'\'' -e '\''s/^[ABCDGIRSTW]* .* \(.*\)$/extern char \1;/p'\'''
lt_cv_sys_max_cmd_len=1572864

## ----------------- ##
## Output variables. ##
## ----------------- ##

ACLOCAL='${SHELL} /home/users/jorrit/campaign-1.0/missing --run aclocal-1.10'
AMDEPBACKSLASH='\'
AMDEP_FALSE='#'
AMDEP_TRUE=''
AMTAR='${SHELL} /home/users/jorrit/campaign-1.0/missing --run tar'
AR='ar'
AUTOCONF='${SHELL} /home/users/jorrit/campaign-1.0/missing --run autoconf'
AUTOHEADER='${SHELL} /home/users/jorrit/campaign-1.0/missing --run autoheader'
AUTOMAKE='${SHELL} /home/users/jorrit/campaign-1.0/missing --run automake-1.10'
AWK='gawk'
CAMPAIGN_API_VERSION='1.0'
CAMPAIGN_SO_VERSION='0:0:0'
CC='gcc'
CCDEPMODE='depmode=gcc3'
CFLAGS='-g -O2'
CPP='gcc -E'
CPPFLAGS=''
CUDA_DEV_PATH='/home/users/jorrit/NVIDIA_GPU_Computing_SDK'
CUDA_DYLD_PATH='/usr/local/cuda/lib64'
CUDA_LD_PATH='/usr/local/cuda/lib64'
CXX='g++'
CXXCPP='g++ -E'
CXXDEPMODE='depmode=gcc3'
CXXFLAGS='-g -O2'
CYGPATH_W='echo'
DEFS='-DHAVE_CONFIG_H'
DEPDIR='.deps'
DSYMUTIL=''
DUMPBIN=''
ECHO_C=''
ECHO_N='-n'
ECHO_T=''
EGREP='/bin/grep -E'
EXEEXT=''
FGREP='/bin/grep -F'
GREP='/bin/grep'
INSTALL_DATA='${INSTALL} -m 644'
INSTALL_PROGRAM='${INSTALL}'
INSTALL_SCRIPT='${INSTALL}'
INSTALL_STRIP_PROGRAM='$(install_sh) -c -s'
LD='/usr/bin/ld -m elf_x86_64'
LDFLAGS=''
LIBOBJS=''
LIBS=''
LIBTOOL='$(SHELL) $(top_builddir)/libtool'
LIPO=''
LN_S='ln -s'
LTLIBOBJS=''
MAKEINFO='${SHELL} /home/users/jorrit/campaign-1.0/missing --run makeinfo'
NM='/usr/bin/nm -B'
NMEDIT=''
OBJEXT='o'
OTOOL64=''
OTOOL=''
PACKAGE='campaign'
PACKAGE_BUGREPORT='marcsosnick@mac.com'
PACKAGE_NAME='campaign'
PACKAGE_STRING='campaign 1.0'
PACKAGE_TARNAME='campaign'
PACKAGE_VERSION='1.0'
PATH_SEPARATOR=':'
RANLIB='ranlib'
SED='/bin/sed'
SET_MAKE=''
SHELL='/bin/bash'
STRIP='strip'
VERSION='1.0'
ac_ct_CC='gcc'
ac_ct_CXX='g++'
ac_ct_DUMPBIN=''
am__fastdepCC_FALSE='#'
am__fastdepCC_TRUE=''
am__fastdepCXX_FALSE='#'
am__fastdepCXX_TRUE=''
am__include='include'
am__isrc=''
am__leading_dot='.'
am__quote=''
am__tar='${AMTAR} chof - "$$tardir"'
am__untar='${AMTAR} xf -'
bindir='${exec_prefix}/bin'
build='x86_64-unknown-linux-gnu'
build_alias=''
build_cpu='x86_64'
build_os='linux-gnu'
build_vendor='unknown'
datadir='${datarootdir}'
datarootdir='${prefix}/share'
docdir='${datarootdir}/doc/${PACKAGE_TARNAME}'
dvidir='${docdir}'
exec_prefix='/home/users/jorrit/campaign-1.0//install'
host='x86_64-unknown-linux-gnu'
host_alias=''
host_cpu='x86_64'
host_os='linux-gnu'
host_vendor='unknown'
htmldir='${docdir}'
includedir='${prefix}/include'
infodir='${datarootdir}/info'
install_sh='$(SHELL) /home/users/jorrit/campaign-1.0/install-sh'
libdir='${exec_prefix}/lib'
libexecdir='${exec_prefix}/libexec'
localedir='${datarootdir}/locale'
localstatedir='${prefix}/var'
lt_ECHO='echo'
mandir='${datarootdir}/man'
mkdir_p='/bin/mkdir -p'
oldincludedir='/usr/include'
pdfdir='${docdir}'
prefix='/home/users/jorrit/campaign-1.0//install'
program_transform_name='s,x,x,'
psdir='${docdir}'
sbindir='${exec_prefix}/sbin'
sharedstatedir='${prefix}/com'
sysconfdir='${prefix}/etc'
target='x86_64-unknown-linux-gnu'
target_alias=''
target_cpu='x86_64'
target_os='linux-gnu'
target_vendor='unknown'

## ----------- ##
## confdefs.h. ##
## ----------- ##

#define PACKAGE_NAME "campaign"
#define PACKAGE_TARNAME "campaign"
#define PACKAGE_VERSION "1.0"
#define PACKAGE_STRING "campaign 1.0"
#define PACKAGE_BUGREPORT "marcsosnick@mac.com"
#define STDC_HEADERS 1
#define HAVE_SYS_TYPES_H 1
#define HAVE_SYS_STAT_H 1
#define HAVE_STDLIB_H 1
#define HAVE_STRING_H 1
#define HAVE_MEMORY_H 1
#define HAVE_STRINGS_H 1
#define HAVE_INTTYPES_H 1
#define HAVE_STDINT_H 1
#define HAVE_UNISTD_H 1
#define HAVE_DLFCN_H 1
#define LT_OBJDIR ".libs/"

configure: exit 0
